#
# There is insufficient memory for the Java Runtime Environment to continue.
# Native memory allocation (malloc) failed to allocate 1411776 bytes for Chunk::new
# Possible reasons:
#   The system is out of physical RAM or swap space
#   The process is running with CompressedOops enabled, and the Java Heap may be blocking the growth of the native heap
# Possible solutions:
#   Reduce memory load on the system
#   Increase physical memory or swap space
#   Check if swap backing store is full
#   Decrease Java heap size (-Xmx/-Xms)
#   Decrease number of Java threads
#   Decrease Java thread stack sizes (-Xss)
#   Set larger code cache with -XX:ReservedCodeCacheSize=
#   JVM is running with Unscaled Compressed Oops mode in which the Java heap is
#     placed in the first 4GB address space. The Java Heap base address is the
#     maximum limit for the native heap growth. Please use -XX:HeapBaseMinAddress
#     to set the Java Heap base and to place the Java Heap above 4GB virtual address.
# This output file may be truncated or incomplete.
#
#  Out of Memory Error (allocation.cpp:389), pid=8976, tid=0x00000000000036f8
#
# JRE version: Java(TM) SE Runtime Environment (8.0_251-b08) (build 1.8.0_251-b08)
# Java VM: Java HotSpot(TM) 64-Bit Server VM (25.251-b08 mixed mode windows-amd64 compressed oops)
# Failed to write core dump. Minidumps are not enabled by default on client versions of Windows
#

---------------  T H R E A D  ---------------

Current thread (0x0000000019667800):  JavaThread "C2 CompilerThread1" daemon [_thread_in_native, id=14072, stack(0x000000001a030000,0x000000001a130000)]

Stack: [0x000000001a030000,0x000000001a130000]
[error occurred during error reporting (printing stack bounds), id 0xc0000005]

Native frames: (J=compiled Java code, j=interpreted, Vv=VM code, C=native code)


Current CompileTask:
C2:   2156 1475       4       java.net.URLClassLoader$1::run (5 bytes)


---------------  P R O C E S S  ---------------

Java Threads: ( => current thread )
  0x000000001966b800 JavaThread "Cache worker for file hash cache (C:\Users\kienn\.gradle\caches\6.1.1\fileHashes)" [_thread_blocked, id=1660, stack(0x000000001e350000,0x000000001e450000)]
  0x000000001966a800 JavaThread "File lock request listener" [_thread_in_native, id=6388, stack(0x000000001e250000,0x000000001e350000)]
  0x0000000019668800 JavaThread "Cache worker for journal cache (C:\Users\kienn\.gradle\caches\journal-1)" [_thread_blocked, id=9432, stack(0x000000001e150000,0x000000001e250000)]
  0x000000001c06c000 JavaThread "Thread-9" [_thread_blocked, id=8784, stack(0x000000001de50000,0x000000001df50000)]
  0x000000001c0c0000 JavaThread "Stdin handler" [_thread_blocked, id=10064, stack(0x000000001dd50000,0x000000001de50000)]
  0x000000001c0be800 JavaThread "Asynchronous log dispatcher for DefaultDaemonConnection: socket connection from /127.0.0.1:55512 to /127.0.0.1:55513" [_thread_blocked, id=13024, stack(0x000000001dc50000,0x000000001dd50000)]
  0x000000001c071000 JavaThread "Daemon worker" [_thread_in_Java, id=12352, stack(0x000000001db50000,0x000000001dc50000)]
  0x000000001c06f800 JavaThread "Cancel handler" [_thread_blocked, id=8724, stack(0x000000001da50000,0x000000001db50000)]
  0x000000001c03e800 JavaThread "Handler for socket connection from /127.0.0.1:55512 to /127.0.0.1:55513" [_thread_in_native, id=368, stack(0x000000001d750000,0x000000001d850000)]
  0x000000001c054000 JavaThread "Daemon" [_thread_blocked, id=10056, stack(0x000000001d650000,0x000000001d750000)]
  0x000000001c036000 JavaThread "Daemon periodic checks" [_thread_blocked, id=13540, stack(0x000000001d550000,0x000000001d650000)]
  0x000000001c026800 JavaThread "Incoming local TCP Connector on port 55512" [_thread_in_native, id=2256, stack(0x000000001d310000,0x000000001d410000)]
  0x000000001b1bf800 JavaThread "Daemon health stats" [_thread_blocked, id=13892, stack(0x000000001ccd0000,0x000000001cdd0000)]
  0x00000000196fd000 JavaThread "Service Thread" daemon [_thread_blocked, id=2004, stack(0x000000001a330000,0x000000001a430000)]
  0x0000000019667000 JavaThread "C1 CompilerThread3" daemon [_thread_blocked, id=6348, stack(0x000000001a230000,0x000000001a330000)]
  0x000000001966a000 JavaThread "C2 CompilerThread2" daemon [_thread_blocked, id=1108, stack(0x000000001a130000,0x000000001a230000)]
=>0x0000000019667800 JavaThread "C2 CompilerThread1" daemon [_thread_in_native, id=14072, stack(0x000000001a030000,0x000000001a130000)]
  0x0000000019660800 JavaThread "C2 CompilerThread0" daemon [_thread_in_native, id=7748, stack(0x0000000019f30000,0x000000001a030000)]
  0x000000001965d800 JavaThread "Attach Listener" daemon [_thread_blocked, id=5912, stack(0x0000000019e30000,0x0000000019f30000)]
  0x000000001965c000 JavaThread "Signal Dispatcher" daemon [_thread_blocked, id=13376, stack(0x0000000019d30000,0x0000000019e30000)]
  0x00000000027bc800 JavaThread "Finalizer" daemon [_thread_blocked, id=12888, stack(0x0000000019b30000,0x0000000019c30000)]
  0x0000000019650800 JavaThread "Reference Handler" daemon [_thread_blocked, id=11664, stack(0x0000000019a30000,0x0000000019b30000)]
  0x00000000026be000 JavaThread "main" [_thread_blocked, id=4732, stack(0x00000000024d0000,0x00000000025d0000)]

Other Threads:
  0x000000001782a000 VMThread [stack: 0x0000000019530000,0x0000000019630000] [id=13180]
  0x000000001970f800 WatcherThread [stack: 0x000000001a430000,0x000000001a530000] [id=7624]

VM state:not at safepoint (normal execution)

VM Mutex/Monitor currently owned by a thread: None

heap address: 0x0000000080000000, size: 2048 MB, Compressed Oops mode: 32-bit
Narrow klass base: 0x0000000000000000, Narrow klass shift: 3
Compressed class space size: 1073741824 Address: 0x0000000100000000

Heap:
 PSYoungGen      total 38400K, used 16107K [0x00000000d5580000, 0x00000000da080000, 0x0000000100000000)
  eden space 33280K, 33% used [0x00000000d5580000,0x00000000d6042e48,0x00000000d7600000)
  from space 5120K, 99% used [0x00000000d7b00000,0x00000000d7ff8040,0x00000000d8000000)
  to   space 5120K, 0% used [0x00000000d7600000,0x00000000d7600000,0x00000000d7b00000)
 ParOldGen       total 87552K, used 4255K [0x0000000080000000, 0x0000000085580000, 0x00000000d5580000)
  object space 87552K, 4% used [0x0000000080000000,0x0000000080427e80,0x0000000085580000)
 Metaspace       used 15966K, capacity 16398K, committed 16768K, reserved 1062912K
  class space    used 2232K, capacity 2349K, committed 2432K, reserved 1048576K

Card table byte_map: [0x0000000011b80000,0x0000000011f90000] byte_map_base: 0x0000000011780000

Marking Bits: (ParMarkBitMap*) 0x000000006a9daf90
 Begin Bits: [0x0000000012a40000, 0x0000000014a40000)
 End Bits:   [0x0000000014a40000, 0x0000000016a40000)

Polling page: 0x00000000003f0000

CodeCache: size=245760Kb used=5389Kb max_used=5397Kb free=240370Kb
 bounds [0x00000000027c0000, 0x0000000002d10000, 0x00000000117c0000]
 total_blobs=1916 nmethods=1522 adapters=306
 compilation: enabled

Compilation events (10 events):
Event: 2.151 Thread 0x0000000019667000 1522       1       java.util.Collections$EmptyList::isEmpty (2 bytes)
Event: 2.151 Thread 0x0000000019667000 nmethod 1522 0x0000000002cff590 code [0x0000000002cff6e0, 0x0000000002cff7f0]
Event: 2.151 Thread 0x0000000019667000 1523       3       org.gradle.internal.service.DefaultServiceRegistry$OwnServices::getService (309 bytes)
Event: 2.154 Thread 0x000000001966a000 1524       4       java.lang.Object::equals (11 bytes)
Event: 2.154 Thread 0x0000000019667000 nmethod 1523 0x0000000002cff850 code [0x0000000002cffd40, 0x0000000002d02cd8]
Event: 2.154 Thread 0x000000001966a000 nmethod 1524 0x0000000002ceac90 code [0x0000000002ceadc0, 0x0000000002ceae38]
Event: 2.155 Thread 0x0000000019667000 1525       3       org.gradle.internal.service.DefaultServiceRegistry$SingletonService::getService (18 bytes)
Event: 2.155 Thread 0x0000000019667000 nmethod 1525 0x0000000002d06710 code [0x0000000002d068a0, 0x0000000002d06b18]
Event: 2.155 Thread 0x0000000019667000 1526       3       org.gradle.internal.service.DefaultServiceRegistry::access$1200 (6 bytes)
Event: 2.155 Thread 0x0000000019667000 nmethod 1526 0x0000000002d06390 code [0x0000000002d06500, 0x0000000002d06668]

GC Heap History (8 events):
Event: 0.583 GC heap before
{Heap before GC invocations=1 (full 0):
 PSYoungGen      total 38400K, used 33280K [0x00000000d5580000, 0x00000000d8000000, 0x0000000100000000)
  eden space 33280K, 100% used [0x00000000d5580000,0x00000000d7600000,0x00000000d7600000)
  from space 5120K, 0% used [0x00000000d7b00000,0x00000000d7b00000,0x00000000d8000000)
  to   space 5120K, 0% used [0x00000000d7600000,0x00000000d7600000,0x00000000d7b00000)
 ParOldGen       total 87552K, used 0K [0x0000000080000000, 0x0000000085580000, 0x00000000d5580000)
  object space 87552K, 0% used [0x0000000080000000,0x0000000080000000,0x0000000085580000)
 Metaspace       used 7148K, capacity 7340K, committed 7424K, reserved 1056768K
  class space    used 906K, capacity 1000K, committed 1024K, reserved 1048576K
Event: 0.588 GC heap after
Heap after GC invocations=1 (full 0):
 PSYoungGen      total 38400K, used 4406K [0x00000000d5580000, 0x00000000d8000000, 0x0000000100000000)
  eden space 33280K, 0% used [0x00000000d5580000,0x00000000d5580000,0x00000000d7600000)
  from space 5120K, 86% used [0x00000000d7600000,0x00000000d7a4da80,0x00000000d7b00000)
  to   space 5120K, 0% used [0x00000000d7b00000,0x00000000d7b00000,0x00000000d8000000)
 ParOldGen       total 87552K, used 16K [0x0000000080000000, 0x0000000085580000, 0x00000000d5580000)
  object space 87552K, 0% used [0x0000000080000000,0x0000000080004000,0x0000000085580000)
 Metaspace       used 7148K, capacity 7340K, committed 7424K, reserved 1056768K
  class space    used 906K, capacity 1000K, committed 1024K, reserved 1048576K
}
Event: 0.799 GC heap before
{Heap before GC invocations=2 (full 0):
 PSYoungGen      total 38400K, used 37686K [0x00000000d5580000, 0x00000000d8000000, 0x0000000100000000)
  eden space 33280K, 100% used [0x00000000d5580000,0x00000000d7600000,0x00000000d7600000)
  from space 5120K, 86% used [0x00000000d7600000,0x00000000d7a4da80,0x00000000d7b00000)
  to   space 5120K, 0% used [0x00000000d7b00000,0x00000000d7b00000,0x00000000d8000000)
 ParOldGen       total 87552K, used 16K [0x0000000080000000, 0x0000000085580000, 0x00000000d5580000)
  object space 87552K, 0% used [0x0000000080000000,0x0000000080004000,0x0000000085580000)
 Metaspace       used 7415K, capacity 7652K, committed 7808K, reserved 1056768K
  class space    used 946K, capacity 1040K, committed 1152K, reserved 1048576K
Event: 0.802 GC heap after
Heap after GC invocations=2 (full 0):
 PSYoungGen      total 38400K, used 3425K [0x00000000d5580000, 0x00000000da080000, 0x0000000100000000)
  eden space 33280K, 0% used [0x00000000d5580000,0x00000000d5580000,0x00000000d7600000)
  from space 5120K, 66% used [0x00000000d7b00000,0x00000000d7e58578,0x00000000d8000000)
  to   space 5120K, 0% used [0x00000000d7600000,0x00000000d7600000,0x00000000d7b00000)
 ParOldGen       total 87552K, used 24K [0x0000000080000000, 0x0000000085580000, 0x00000000d5580000)
  object space 87552K, 0% used [0x0000000080000000,0x0000000080006000,0x0000000085580000)
 Metaspace       used 7415K, capacity 7652K, committed 7808K, reserved 1056768K
  class space    used 946K, capacity 1040K, committed 1152K, reserved 1048576K
}
Event: 1.778 GC heap before
{Heap before GC invocations=3 (full 0):
 PSYoungGen      total 38400K, used 36705K [0x00000000d5580000, 0x00000000da080000, 0x0000000100000000)
  eden space 33280K, 100% used [0x00000000d5580000,0x00000000d7600000,0x00000000d7600000)
  from space 5120K, 66% used [0x00000000d7b00000,0x00000000d7e58578,0x00000000d8000000)
  to   space 5120K, 0% used [0x00000000d7600000,0x00000000d7600000,0x00000000d7b00000)
 ParOldGen       total 87552K, used 24K [0x0000000080000000, 0x0000000085580000, 0x00000000d5580000)
  object space 87552K, 0% used [0x0000000080000000,0x0000000080006000,0x0000000085580000)
 Metaspace       used 12472K, capacity 12888K, committed 12928K, reserved 1060864K
  class space    used 1724K, capacity 1884K, committed 1920K, reserved 1048576K
Event: 1.788 GC heap after
Heap after GC invocations=3 (full 0):
 PSYoungGen      total 38400K, used 5104K [0x00000000d5580000, 0x00000000d8000000, 0x0000000100000000)
  eden space 33280K, 0% used [0x00000000d5580000,0x00000000d5580000,0x00000000d7600000)
  from space 5120K, 99% used [0x00000000d7600000,0x00000000d7afc2f8,0x00000000d7b00000)
  to   space 5120K, 0% used [0x00000000d7b00000,0x00000000d7b00000,0x00000000d8000000)
 ParOldGen       total 87552K, used 1573K [0x0000000080000000, 0x0000000085580000, 0x00000000d5580000)
  object space 87552K, 1% used [0x0000000080000000,0x0000000080189458,0x0000000085580000)
 Metaspace       used 12472K, capacity 12888K, committed 12928K, reserved 1060864K
  class space    used 1724K, capacity 1884K, committed 1920K, reserved 1048576K
}
Event: 2.104 GC heap before
{Heap before GC invocations=4 (full 0):
 PSYoungGen      total 38400K, used 38384K [0x00000000d5580000, 0x00000000d8000000, 0x0000000100000000)
  eden space 33280K, 100% used [0x00000000d5580000,0x00000000d7600000,0x00000000d7600000)
  from space 5120K, 99% used [0x00000000d7600000,0x00000000d7afc2f8,0x00000000d7b00000)
  to   space 5120K, 0% used [0x00000000d7b00000,0x00000000d7b00000,0x00000000d8000000)
 ParOldGen       total 87552K, used 1573K [0x0000000080000000, 0x0000000085580000, 0x00000000d5580000)
  object space 87552K, 1% used [0x0000000080000000,0x0000000080189458,0x0000000085580000)
 Metaspace       used 15543K, capacity 15946K, committed 16128K, reserved 1062912K
  class space    used 2142K, capacity 2283K, committed 2304K, reserved 1048576K
Event: 2.111 GC heap after
Heap after GC invocations=4 (full 0):
 PSYoungGen      total 38400K, used 5088K [0x00000000d5580000, 0x00000000da080000, 0x0000000100000000)
  eden space 33280K, 0% used [0x00000000d5580000,0x00000000d5580000,0x00000000d7600000)
  from space 5120K, 99% used [0x00000000d7b00000,0x00000000d7ff8040,0x00000000d8000000)
  to   space 5120K, 0% used [0x00000000d7600000,0x00000000d7600000,0x00000000d7b00000)
 ParOldGen       total 87552K, used 4255K [0x0000000080000000, 0x0000000085580000, 0x00000000d5580000)
  object space 87552K, 4% used [0x0000000080000000,0x0000000080427e80,0x0000000085580000)
 Metaspace       used 15543K, capacity 15946K, committed 16128K, reserved 1062912K
  class space    used 2142K, capacity 2283K, committed 2304K, reserved 1048576K
}

Deoptimization events (10 events):
Event: 1.677 Thread 0x000000001c03e800 Uncommon trap: reason=unstable_if action=reinterpret pc=0x0000000002aea254 method=java.lang.String.substring(I)Ljava/lang/String; @ 35
Event: 1.728 Thread 0x000000001c071000 Uncommon trap: reason=bimorphic action=maybe_recompile pc=0x0000000002aa4520 method=java.util.HashMap.putVal(ILjava/lang/Object;Ljava/lang/Object;ZZ)Ljava/lang/Object; @ 253
Event: 1.728 Thread 0x000000001c071000 Uncommon trap: reason=bimorphic action=maybe_recompile pc=0x0000000002aa4520 method=java.util.HashMap.putVal(ILjava/lang/Object;Ljava/lang/Object;ZZ)Ljava/lang/Object; @ 253
Event: 1.728 Thread 0x000000001c071000 Uncommon trap: reason=bimorphic action=maybe_recompile pc=0x0000000002aa4520 method=java.util.HashMap.putVal(ILjava/lang/Object;Ljava/lang/Object;ZZ)Ljava/lang/Object; @ 253
Event: 1.729 Thread 0x000000001c071000 Uncommon trap: reason=bimorphic action=maybe_recompile pc=0x0000000002aa4520 method=java.util.HashMap.putVal(ILjava/lang/Object;Ljava/lang/Object;ZZ)Ljava/lang/Object; @ 253
Event: 1.729 Thread 0x000000001c071000 Uncommon trap: reason=bimorphic action=maybe_recompile pc=0x0000000002a9c17c method=java.util.HashMap.putVal(ILjava/lang/Object;Ljava/lang/Object;ZZ)Ljava/lang/Object; @ 253
Event: 1.991 Thread 0x000000001c071000 Uncommon trap: reason=class_check action=maybe_recompile pc=0x0000000002af08d8 method=java.util.regex.Matcher.match(II)Z @ 86
Event: 2.001 Thread 0x000000001c071000 Uncommon trap: reason=class_check action=maybe_recompile pc=0x0000000002af08d8 method=java.util.regex.Matcher.match(II)Z @ 86
Event: 2.002 Thread 0x000000001c071000 Uncommon trap: reason=class_check action=maybe_recompile pc=0x0000000002af08d8 method=java.util.regex.Matcher.match(II)Z @ 86
Event: 2.002 Thread 0x000000001c071000 Uncommon trap: reason=class_check action=maybe_recompile pc=0x000000000297b7dc method=java.util.regex.Matcher.match(II)Z @ 86

Classes redefined (0 events):
No events

Internal exceptions (10 events):
Event: 1.660 Thread 0x000000001c03e800 Exception <a 'java/lang/NoSuchMethodError': <clinit>> (0x00000000d6f420f8) thrown at [C:\jenkins\workspace\8-2-build-windows-amd64-cygwin\jdk8u251\737\hotspot\src\share\vm\prims\jni.cpp, line 1614]
Event: 1.664 Thread 0x000000001c03e800 Exception <a 'java/lang/NoSuchMethodError': <clinit>> (0x00000000d6f54b48) thrown at [C:\jenkins\workspace\8-2-build-windows-amd64-cygwin\jdk8u251\737\hotspot\src\share\vm\prims\jni.cpp, line 1614]
Event: 1.667 Thread 0x000000001c03e800 Exception <a 'java/lang/NoSuchMethodError': <clinit>> (0x00000000d6f7b888) thrown at [C:\jenkins\workspace\8-2-build-windows-amd64-cygwin\jdk8u251\737\hotspot\src\share\vm\prims\jni.cpp, line 1614]
Event: 1.670 Thread 0x000000001c03e800 Exception <a 'java/lang/NoSuchMethodError': <clinit>> (0x00000000d6f934a0) thrown at [C:\jenkins\workspace\8-2-build-windows-amd64-cygwin\jdk8u251\737\hotspot\src\share\vm\prims\jni.cpp, line 1614]
Event: 1.672 Thread 0x000000001c03e800 Exception <a 'java/lang/NoSuchMethodError': <clinit>> (0x00000000d6f9c040) thrown at [C:\jenkins\workspace\8-2-build-windows-amd64-cygwin\jdk8u251\737\hotspot\src\share\vm\prims\jni.cpp, line 1614]
Event: 1.674 Thread 0x000000001c03e800 Exception <a 'java/lang/NoSuchMethodError': <clinit>> (0x00000000d6fb2420) thrown at [C:\jenkins\workspace\8-2-build-windows-amd64-cygwin\jdk8u251\737\hotspot\src\share\vm\prims\jni.cpp, line 1614]
Event: 1.686 Thread 0x000000001c03e800 Exception <a 'java/lang/NoSuchMethodError': <clinit>> (0x00000000d700cbb0) thrown at [C:\jenkins\workspace\8-2-build-windows-amd64-cygwin\jdk8u251\737\hotspot\src\share\vm\prims\jni.cpp, line 1614]
Event: 1.692 Thread 0x000000001c03e800 Exception <a 'java/lang/NoSuchMethodError': <clinit>> (0x00000000d70394e0) thrown at [C:\jenkins\workspace\8-2-build-windows-amd64-cygwin\jdk8u251\737\hotspot\src\share\vm\prims\jni.cpp, line 1614]
Event: 1.700 Thread 0x000000001c03e800 Exception <a 'java/lang/NoSuchMethodError': <clinit>> (0x00000000d7066670) thrown at [C:\jenkins\workspace\8-2-build-windows-amd64-cygwin\jdk8u251\737\hotspot\src\share\vm\prims\jni.cpp, line 1614]
Event: 1.702 Thread 0x000000001c03e800 Exception <a 'java/lang/NoSuchMethodError': <clinit>> (0x00000000d70716f8) thrown at [C:\jenkins\workspace\8-2-build-windows-amd64-cygwin\jdk8u251\737\hotspot\src\share\vm\prims\jni.cpp, line 1614]

Events (10 events):
Event: 2.155 loading class org/gradle/api/Plugin
Event: 2.155 loading class org/gradle/api/Plugin done
Event: 2.155 loading class org/gradle/api/internal/changedetection/state/DefaultResourceSnapshotterCacheService
Event: 2.155 loading class org/gradle/api/internal/changedetection/state/DefaultResourceSnapshotterCacheService done
Event: 2.155 loading class org/gradle/api/internal/changedetection/state/CachingResourceHasher
Event: 2.155 loading class org/gradle/api/internal/changedetection/state/CachingResourceHasher done
Event: 2.156 loading class org/gradle/api/internal/changedetection/state/ResourceHasher
Event: 2.156 loading class org/gradle/api/internal/changedetection/state/ResourceHasher done
Event: 2.156 loading class org/gradle/api/internal/changedetection/state/ConfigurableNormalizer
Event: 2.156 loading class org/gradle/api/internal/changedetection/state/ConfigurableNormalizer done


Dynamic libraries:
0x00007ff6408d0000 - 0x00007ff640907000 	C:\Program Files\Java\jdk1.8.0_251\bin\java.exe
0x00007ffd9bde0000 - 0x00007ffd9bfd0000 	C:\Windows\SYSTEM32\ntdll.dll
0x00007ffd9b760000 - 0x00007ffd9b812000 	C:\Windows\System32\KERNEL32.DLL
0x00007ffd98df0000 - 0x00007ffd99095000 	C:\Windows\System32\KERNELBASE.dll
0x00007ffd9a5b0000 - 0x00007ffd9a653000 	C:\Windows\System32\ADVAPI32.dll
0x00007ffd9ab40000 - 0x00007ffd9abde000 	C:\Windows\System32\msvcrt.dll
0x00007ffd9b930000 - 0x00007ffd9b9c7000 	C:\Windows\System32\sechost.dll
0x00007ffd9a810000 - 0x00007ffd9a92f000 	C:\Windows\System32\RPCRT4.dll
0x00007ffd9bab0000 - 0x00007ffd9bc44000 	C:\Windows\System32\USER32.dll
0x00007ffd99600000 - 0x00007ffd99621000 	C:\Windows\System32\win32u.dll
0x00007ffd9a380000 - 0x00007ffd9a3a6000 	C:\Windows\System32\GDI32.dll
0x00007ffd991c0000 - 0x00007ffd99358000 	C:\Windows\System32\gdi32full.dll
0x00007ffd99410000 - 0x00007ffd994ae000 	C:\Windows\System32\msvcp_win.dll
0x00007ffd990a0000 - 0x00007ffd9919a000 	C:\Windows\System32\ucrtbase.dll
0x00007ffd8aeb0000 - 0x00007ffd8b134000 	C:\Windows\WinSxS\amd64_microsoft.windows.common-controls_6595b64144ccf1df_6.0.18362.1316_none_9e7a364fe461dbd7\COMCTL32.dll
0x00007ffd9b420000 - 0x00007ffd9b757000 	C:\Windows\System32\combase.dll
0x00007ffd98d60000 - 0x00007ffd98de1000 	C:\Windows\System32\bcryptPrimitives.dll
0x00007ffd9b9d0000 - 0x00007ffd9b9fe000 	C:\Windows\System32\IMM32.DLL
0x000000006aa60000 - 0x000000006ab32000 	C:\Program Files\Java\jdk1.8.0_251\jre\bin\msvcr100.dll
0x000000006a1b0000 - 0x000000006aa5b000 	C:\Program Files\Java\jdk1.8.0_251\jre\bin\server\jvm.dll
0x00007ffd9baa0000 - 0x00007ffd9baa8000 	C:\Windows\System32\PSAPI.DLL
0x00007ffd869b0000 - 0x00007ffd869b9000 	C:\Windows\SYSTEM32\WSOCK32.dll
0x00007ffd969c0000 - 0x00007ffd969e4000 	C:\Windows\SYSTEM32\WINMM.dll
0x00007ffd8d7f0000 - 0x00007ffd8d7fa000 	C:\Windows\SYSTEM32\VERSION.dll
0x00007ffd9a3b0000 - 0x00007ffd9a41f000 	C:\Windows\System32\WS2_32.dll
0x00007ffd96620000 - 0x00007ffd9664d000 	C:\Windows\SYSTEM32\winmmbase.dll
0x00007ffd996c0000 - 0x00007ffd9970a000 	C:\Windows\System32\cfgmgr32.dll
0x00007ffd95440000 - 0x00007ffd9544f000 	C:\Program Files\Java\jdk1.8.0_251\jre\bin\verify.dll
0x00007ffd8ab60000 - 0x00007ffd8ab89000 	C:\Program Files\Java\jdk1.8.0_251\jre\bin\java.dll
0x00007ffd8a6a0000 - 0x00007ffd8a6b6000 	C:\Program Files\Java\jdk1.8.0_251\jre\bin\zip.dll
0x00007ffd9ac60000 - 0x00007ffd9b348000 	C:\Windows\System32\SHELL32.dll
0x00007ffd9aa90000 - 0x00007ffd9ab37000 	C:\Windows\System32\shcore.dll
0x00007ffd99710000 - 0x00007ffd99e8b000 	C:\Windows\System32\windows.storage.dll
0x00007ffd98d30000 - 0x00007ffd98d53000 	C:\Windows\System32\profapi.dll
0x00007ffd98cc0000 - 0x00007ffd98d0a000 	C:\Windows\System32\powrprof.dll
0x00007ffd98c90000 - 0x00007ffd98ca0000 	C:\Windows\System32\UMPDC.dll
0x00007ffd9a420000 - 0x00007ffd9a472000 	C:\Windows\System32\shlwapi.dll
0x00007ffd98ca0000 - 0x00007ffd98cb1000 	C:\Windows\System32\kernel.appcore.dll
0x00007ffd991a0000 - 0x00007ffd991b7000 	C:\Windows\System32\cryptsp.dll
0x00007ffd822b0000 - 0x00007ffd822ca000 	C:\Program Files\Java\jdk1.8.0_251\jre\bin\net.dll
0x00007ffd98480000 - 0x00007ffd984e7000 	C:\Windows\system32\mswsock.dll
0x00007ffd82270000 - 0x00007ffd82282000 	C:\Program Files\Java\jdk1.8.0_251\jre\bin\nio.dll
0x00007ffd80fb0000 - 0x00007ffd80fd6000 	C:\Users\kienn\.gradle\native\31\windows-amd64\native-platform.dll
0x00007ffd8a960000 - 0x00007ffd8a96d000 	C:\Program Files\Java\jdk1.8.0_251\jre\bin\management.dll
0x00007ffd97fb0000 - 0x00007ffd97fe3000 	C:\Windows\system32\rsaenh.dll
0x00007ffd99690000 - 0x00007ffd996b6000 	C:\Windows\System32\bcrypt.dll
0x00007ffd98bb0000 - 0x00007ffd98bd5000 	C:\Windows\SYSTEM32\USERENV.dll
0x00007ffd98600000 - 0x00007ffd9860c000 	C:\Windows\SYSTEM32\CRYPTBASE.dll
0x00007ffd981a0000 - 0x00007ffd981da000 	C:\Windows\SYSTEM32\IPHLPAPI.DLL
0x00007ffd9bd90000 - 0x00007ffd9bd98000 	C:\Windows\System32\NSI.dll
0x00007ffd92160000 - 0x00007ffd92176000 	C:\Windows\SYSTEM32\dhcpcsvc6.DLL
0x00007ffd92140000 - 0x00007ffd9215c000 	C:\Windows\SYSTEM32\dhcpcsvc.DLL
0x00007ffd981e0000 - 0x00007ffd982ab000 	C:\Windows\SYSTEM32\DNSAPI.dll

VM Arguments:
jvm_args: -Xmx2048m -Dfile.encoding=windows-1252 -Duser.country=US -Duser.language=en -Duser.variant 
java_command: org.gradle.launcher.daemon.bootstrap.GradleDaemon 6.1.1
java_class_path (initial): C:\Users\kienn\.gradle\wrapper\dists\gradle-6.1.1-all\cfmwm155h49vnt3hynmlrsdst\gradle-6.1.1\lib\gradle-launcher-6.1.1.jar
Launcher Type: SUN_STANDARD

Environment Variables:
PATH=C:\Program Files (x86)\Common Files\Oracle\Java\javapath;C:\Windows\system32;C:\Windows;C:\Windows\System32\Wbem;C:\Windows\System32\WindowsPowerShell\v1.0\;C:\Windows\System32\OpenSSH\;C:\Program Files\Git\cmd;C:\src\flutter\bin;C:\ProgramData\chocolatey\bin;C:\MinGW\bin;C:\Users\kienn\AppData\Local\Microsoft\WindowsApps;C:\src\flutter\bin;C:\MinGW\bin;C:\Program Files\heroku\bin
USERNAME=kienn
OS=Windows_NT
PROCESSOR_IDENTIFIER=Intel64 Family 6 Model 60 Stepping 3, GenuineIntel



---------------  S Y S T E M  ---------------

OS: Windows 10.0 , 64 bit Build 18362 (10.0.18362.1316)

CPU:total 8 (initial active 8) (4 cores per cpu, 2 threads per core) family 6 model 60 stepping 3, cmov, cx8, fxsr, mmx, sse, sse2, sse3, ssse3, sse4.1, sse4.2, popcnt, avx, avx2, aes, clmul, erms, lzcnt, ht, tsc, tscinvbit, bmi1, bmi2

Memory: 4k page, physical 8291460k(1633628k free), swap 8291460k(5132k free)

vm_info: Java HotSpot(TM) 64-Bit Server VM (25.251-b08) for windows-amd64 JRE (1.8.0_251-b08), built on Mar 12 2020 06:31:49 by "" with MS VC++ 10.0 (VS2010)

time: Sat Jan 30 14:53:10 2021
timezone: SE Asia Standard Time
elapsed time: 2 seconds (0d 0h 0m 2s)

